# JRE version: OpenJDK Runtime Environment Temurin-21.0.8+9 (21.0.8+9) (build 21.0.8+9-LTS)
# Java VM: OpenJDK 64-Bit Server VM Temurin-21.0.8+9 (21.0.8+9-LTS, mixed mode, sharing, tiered, compressed oops, compressed class ptrs, parallel gc, windows-amd64)
GC Precious Log:
 CardTable entry size: 512
 CPUs: 4 total, 4 available
 Memory: 8066M
 Large Page Support: Disabled
 NUMA Support: Disabled
 Compressed Oops: Enabled (32-bit)
 Alignments: Space 512K, Generation 512K, Heap 2M
 Heap Min Capacity: 100M
 Heap Initial Capacity: 100M
 Heap Max Capacity: 2G
 Pre-touch: Disabled
 Parallel Workers: 4
Heap:
 PSYoungGen      total 8704K, used 7187K [0x00000000d5580000, 0x00000000d5f00000, 0x0000000100000000)
  eden space 7680K, 82% used [0x00000000d5580000,0x00000000d5bb4e90,0x00000000d5d00000)
  from space 1024K, 81% used [0x00000000d5d00000,0x00000000d5dd0000,0x00000000d5e00000)
  to   space 1024K, 0% used [0x00000000d5e00000,0x00000000d5e00000,0x00000000d5f00000)
 ParOldGen       total 816640K, used 816557K [0x0000000080000000, 0x00000000b1d80000, 0x00000000d5580000)
  object space 816640K, 99% used [0x0000000080000000,0x00000000b1d6b6b8,0x00000000b1d80000)
 Metaspace       used 76468K, committed 78144K, reserved 1179648K
  class space    used 7954K, committed 8704K, reserved 1048576K
GC Heap History (20 events):
Event: 125.241 GC heap before
{Heap before GC invocations=1173 (full 3):
 PSYoungGen      total 8704K, used 8448K [0x00000000d5580000, 0x00000000d5f00000, 0x0000000100000000)
  eden space 7680K, 100% used [0x00000000d5580000,0x00000000d5d00000,0x00000000d5d00000)
  from space 1024K, 75% used [0x00000000d5d00000,0x00000000d5dc0000,0x00000000d5e00000)
  to   space 1024K, 0% used [0x00000000d5e00000,0x00000000d5e00000,0x00000000d5f00000)
 ParOldGen       total 809472K, used 809205K [0x0000000080000000, 0x00000000b1680000, 0x00000000d5580000)
  object space 809472K, 99% used [0x0000000080000000,0x00000000b163d728,0x00000000b1680000)
 Metaspace       used 76468K, committed 78144K, reserved 1179648K
  class space    used 7954K, committed 8704K, reserved 1048576K
}
Event: 125.249 GC heap after
{Heap after GC invocations=1173 (full 3):
 PSYoungGen      total 8704K, used 660K [0x00000000d5580000, 0x00000000d5f00000, 0x0000000100000000)
  eden space 7680K, 0% used [0x00000000d5580000,0x00000000d5580000,0x00000000d5d00000)
  from space 1024K, 64% used [0x00000000d5e00000,0x00000000d5ea52c0,0x00000000d5f00000)
  to   space 1024K, 0% used [0x00000000d5d00000,0x00000000d5d00000,0x00000000d5e00000)
 ParOldGen       total 809984K, used 809925K [0x0000000080000000, 0x00000000b1700000, 0x00000000d5580000)
  object space 809984K, 99% used [0x0000000080000000,0x00000000b16f1728,0x00000000b1700000)
 Metaspace       used 76468K, committed 78144K, reserved 1179648K
  class space    used 7954K, committed 8704K, reserved 1048576K
}
Event: 125.401 GC heap before
{Heap before GC invocations=1174 (full 3):
 PSYoungGen      total 8704K, used 8340K [0x00000000d5580000, 0x00000000d5f00000, 0x0000000100000000)
  eden space 7680K, 100% used [0x00000000d5580000,0x00000000d5d00000,0x00000000d5d00000)
  from space 1024K, 64% used [0x00000000d5e00000,0x00000000d5ea52c0,0x00000000d5f00000)
  to   space 1024K, 0% used [0x00000000d5d00000,0x00000000d5d00000,0x00000000d5e00000)
 ParOldGen       total 809984K, used 809925K [0x0000000080000000, 0x00000000b1700000, 0x00000000d5580000)
  object space 809984K, 99% used [0x0000000080000000,0x00000000b16f1728,0x00000000b1700000)
 Metaspace       used 76468K, committed 78144K, reserved 1179648K
  class space    used 7954K, committed 8704K, reserved 1048576K
}
Event: 125.404 GC heap after
{Heap after GC invocations=1174 (full 3):
 PSYoungGen      total 8704K, used 546K [0x00000000d5580000, 0x00000000d5f00000, 0x0000000100000000)
  eden space 7680K, 0% used [0x00000000d5580000,0x00000000d5580000,0x00000000d5d00000)
  from space 1024K, 53% used [0x00000000d5d00000,0x00000000d5d88818,0x00000000d5e00000)
  to   space 1024K, 0% used [0x00000000d5e00000,0x00000000d5e00000,0x00000000d5f00000)
 ParOldGen       total 810496K, used 810267K [0x0000000080000000, 0x00000000b1780000, 0x00000000d5580000)
  object space 810496K, 99% used [0x0000000080000000,0x00000000b1746d38,0x00000000b1780000)
 Metaspace       used 76468K, committed 78144K, reserved 1179648K
  class space    used 7954K, committed 8704K, reserved 1048576K
}
Event: 125.422 GC heap before
{Heap before GC invocations=1175 (full 3):
 PSYoungGen      total 8704K, used 8226K [0x00000000d5580000, 0x00000000d5f00000, 0x0000000100000000)
  eden space 7680K, 100% used [0x00000000d5580000,0x00000000d5d00000,0x00000000d5d00000)
  from space 1024K, 53% used [0x00000000d5d00000,0x00000000d5d88818,0x00000000d5e00000)
  to   space 1024K, 0% used [0x00000000d5e00000,0x00000000d5e00000,0x00000000d5f00000)
 ParOldGen       total 810496K, used 810267K [0x0000000080000000, 0x00000000b1780000, 0x00000000d5580000)
  object space 810496K, 99% used [0x0000000080000000,0x00000000b1746d38,0x00000000b1780000)
 Metaspace       used 76468K, committed 78144K, reserved 1179648K
  class space    used 7954K, committed 8704K, reserved 1048576K
}
Event: 125.425 GC heap after
{Heap after GC invocations=1175 (full 3):
 PSYoungGen      total 8704K, used 889K [0x00000000d5580000, 0x00000000d5f00000, 0x0000000100000000)
  eden space 7680K, 0% used [0x00000000d5580000,0x00000000d5580000,0x00000000d5d00000)
  from space 1024K, 86% used [0x00000000d5e00000,0x00000000d5ede6b0,0x00000000d5f00000)
  to   space 1024K, 0% used [0x00000000d5d00000,0x00000000d5d00000,0x00000000d5e00000)
 ParOldGen       total 811008K, used 810732K [0x0000000080000000, 0x00000000b1800000, 0x00000000d5580000)
  object space 811008K, 99% used [0x0000000080000000,0x00000000b17bb098,0x00000000b1800000)
 Metaspace       used 76468K, committed 78144K, reserved 1179648K
  class space    used 7954K, committed 8704K, reserved 1048576K
}
Event: 125.444 GC heap before
{Heap before GC invocations=1176 (full 3):
 PSYoungGen      total 8704K, used 8569K [0x00000000d5580000, 0x00000000d5f00000, 0x0000000100000000)
  eden space 7680K, 100% used [0x00000000d5580000,0x00000000d5d00000,0x00000000d5d00000)
  from space 1024K, 86% used [0x00000000d5e00000,0x00000000d5ede6b0,0x00000000d5f00000)
  to   space 1024K, 0% used [0x00000000d5d00000,0x00000000d5d00000,0x00000000d5e00000)
 ParOldGen       total 811008K, used 810732K [0x0000000080000000, 0x00000000b1800000, 0x00000000d5580000)
  object space 811008K, 99% used [0x0000000080000000,0x00000000b17bb098,0x00000000b1800000)
 Metaspace       used 76468K, committed 78144K, reserved 1179648K
  class space    used 7954K, committed 8704K, reserved 1048576K
}
Event: 125.448 GC heap after
{Heap after GC invocations=1176 (full 3):
 PSYoungGen      total 8704K, used 1014K [0x00000000d5580000, 0x00000000d6000000, 0x0000000100000000)
  eden space 7680K, 0% used [0x00000000d5580000,0x00000000d5580000,0x00000000d5d00000)
  from space 1024K, 99% used [0x00000000d5d00000,0x00000000d5dfd808,0x00000000d5e00000)
  to   space 1536K, 0% used [0x00000000d5e80000,0x00000000d5e80000,0x00000000d6000000)
 ParOldGen       total 812032K, used 811524K [0x0000000080000000, 0x00000000b1900000, 0x00000000d5580000)
  object space 812032K, 99% used [0x0000000080000000,0x00000000b1881098,0x00000000b1900000)
 Metaspace       used 76468K, committed 78144K, reserved 1179648K
  class space    used 7954K, committed 8704K, reserved 1048576K
}
Event: 125.467 GC heap before
{Heap before GC invocations=1177 (full 3):
 PSYoungGen      total 8704K, used 8679K [0x00000000d5580000, 0x00000000d6000000, 0x0000000100000000)
  eden space 7680K, 99% used [0x00000000d5580000,0x00000000d5cfc4d8,0x00000000d5d00000)
  from space 1024K, 99% used [0x00000000d5d00000,0x00000000d5dfd808,0x00000000d5e00000)
  to   space 1536K, 0% used [0x00000000d5e80000,0x00000000d5e80000,0x00000000d6000000)
 ParOldGen       total 812032K, used 811524K [0x0000000080000000, 0x00000000b1900000, 0x00000000d5580000)
  object space 812032K, 99% used [0x0000000080000000,0x00000000b1881098,0x00000000b1900000)
 Metaspace       used 76468K, committed 78144K, reserved 1179648K
  class space    used 7954K, committed 8704K, reserved 1048576K
}
Event: 125.471 GC heap after
{Heap after GC invocations=1177 (full 3):
 PSYoungGen      total 8704K, used 1004K [0x00000000d5580000, 0x00000000d5f80000, 0x0000000100000000)
  eden space 7680K, 0% used [0x00000000d5580000,0x00000000d5580000,0x00000000d5d00000)
  from space 1024K, 98% used [0x00000000d5e80000,0x00000000d5f7b008,0x00000000d5f80000)
  to   space 1024K, 0% used [0x00000000d5d00000,0x00000000d5d00000,0x00000000d5e00000)
 ParOldGen       total 812544K, used 812412K [0x0000000080000000, 0x00000000b1980000, 0x00000000d5580000)
  object space 812544K, 99% used [0x0000000080000000,0x00000000b195f098,0x00000000b1980000)
 Metaspace       used 76468K, committed 78144K, reserved 1179648K
  class space    used 7954K, committed 8704K, reserved 1048576K
}
Event: 125.497 GC heap before
{Heap before GC invocations=1178 (full 3):
 PSYoungGen      total 8704K, used 8684K [0x00000000d5580000, 0x00000000d5f80000, 0x0000000100000000)
  eden space 7680K, 100% used [0x00000000d5580000,0x00000000d5d00000,0x00000000d5d00000)
  from space 1024K, 98% used [0x00000000d5e80000,0x00000000d5f7b008,0x00000000d5f80000)
  to   space 1024K, 0% used [0x00000000d5d00000,0x00000000d5d00000,0x00000000d5e00000)
 ParOldGen       total 812544K, used 812412K [0x0000000080000000, 0x00000000b1980000, 0x00000000d5580000)
  object space 812544K, 99% used [0x0000000080000000,0x00000000b195f098,0x00000000b1980000)
 Metaspace       used 76468K, committed 78144K, reserved 1179648K
  class space    used 7954K, committed 8704K, reserved 1048576K
}
Event: 125.500 GC heap after
{Heap after GC invocations=1178 (full 3):
 PSYoungGen      total 8704K, used 832K [0x00000000d5580000, 0x00000000d5f00000, 0x0000000100000000)
  eden space 7680K, 0% used [0x00000000d5580000,0x00000000d5580000,0x00000000d5d00000)
  from space 1024K, 81% used [0x00000000d5d00000,0x00000000d5dd0000,0x00000000d5e00000)
  to   space 1024K, 0% used [0x00000000d5e00000,0x00000000d5e00000,0x00000000d5f00000)
 ParOldGen       total 813568K, used 813360K [0x0000000080000000, 0x00000000b1a80000, 0x00000000d5580000)
  object space 813568K, 99% used [0x0000000080000000,0x00000000b1a4c0a0,0x00000000b1a80000)
 Metaspace       used 76468K, committed 78144K, reserved 1179648K
  class space    used 7954K, committed 8704K, reserved 1048576K
}
Event: 125.526 GC heap before
{Heap before GC invocations=1179 (full 3):
 PSYoungGen      total 8704K, used 8503K [0x00000000d5580000, 0x00000000d5f00000, 0x0000000100000000)
  eden space 7680K, 99% used [0x00000000d5580000,0x00000000d5cfdd70,0x00000000d5d00000)
  from space 1024K, 81% used [0x00000000d5d00000,0x00000000d5dd0000,0x00000000d5e00000)
  to   space 1024K, 0% used [0x00000000d5e00000,0x00000000d5e00000,0x00000000d5f00000)
 ParOldGen       total 813568K, used 813360K [0x0000000080000000, 0x00000000b1a80000, 0x00000000d5580000)
  object space 813568K, 99% used [0x0000000080000000,0x00000000b1a4c0a0,0x00000000b1a80000)
 Metaspace       used 76468K, committed 78144K, reserved 1179648K
  class space    used 7954K, committed 8704K, reserved 1048576K
}
Event: 125.531 GC heap after
{Heap after GC invocations=1179 (full 3):
 PSYoungGen      total 8704K, used 832K [0x00000000d5580000, 0x00000000d5f00000, 0x0000000100000000)
  eden space 7680K, 0% used [0x00000000d5580000,0x00000000d5580000,0x00000000d5d00000)
  from space 1024K, 81% used [0x00000000d5e00000,0x00000000d5ed0000,0x00000000d5f00000)
  to   space 1024K, 0% used [0x00000000d5d00000,0x00000000d5d00000,0x00000000d5e00000)
 ParOldGen       total 814592K, used 814120K [0x0000000080000000, 0x00000000b1b80000, 0x00000000d5580000)
  object space 814592K, 99% used [0x0000000080000000,0x00000000b1b0a0a0,0x00000000b1b80000)
 Metaspace       used 76468K, committed 78144K, reserved 1179648K
  class space    used 7954K, committed 8704K, reserved 1048576K
}
Event: 125.559 GC heap before
{Heap before GC invocations=1180 (full 3):
 PSYoungGen      total 8704K, used 8512K [0x00000000d5580000, 0x00000000d5f00000, 0x0000000100000000)
  eden space 7680K, 100% used [0x00000000d5580000,0x00000000d5d00000,0x00000000d5d00000)
  from space 1024K, 81% used [0x00000000d5e00000,0x00000000d5ed0000,0x00000000d5f00000)
  to   space 1024K, 0% used [0x00000000d5d00000,0x00000000d5d00000,0x00000000d5e00000)
 ParOldGen       total 814592K, used 814120K [0x0000000080000000, 0x00000000b1b80000, 0x00000000d5580000)
  object space 814592K, 99% used [0x0000000080000000,0x00000000b1b0a0a0,0x00000000b1b80000)
 Metaspace       used 76468K, committed 78144K, reserved 1179648K
  class space    used 7954K, committed 8704K, reserved 1048576K
}
Event: 125.566 GC heap after
{Heap after GC invocations=1180 (full 3):
 PSYoungGen      total 8704K, used 736K [0x00000000d5580000, 0x00000000d5f00000, 0x0000000100000000)
  eden space 7680K, 0% used [0x00000000d5580000,0x00000000d5580000,0x00000000d5d00000)
  from space 1024K, 71% used [0x00000000d5d00000,0x00000000d5db8000,0x00000000d5e00000)
  to   space 1024K, 0% used [0x00000000d5e00000,0x00000000d5e00000,0x00000000d5f00000)
 ParOldGen       total 815104K, used 814885K [0x0000000080000000, 0x00000000b1c00000, 0x00000000d5580000)
  object space 815104K, 99% used [0x0000000080000000,0x00000000b1bc96b0,0x00000000b1c00000)
 Metaspace       used 76468K, committed 78144K, reserved 1179648K
  class space    used 7954K, committed 8704K, reserved 1048576K
}
Event: 125.591 GC heap before
{Heap before GC invocations=1181 (full 3):
 PSYoungGen      total 8704K, used 8416K [0x00000000d5580000, 0x00000000d5f00000, 0x0000000100000000)
  eden space 7680K, 100% used [0x00000000d5580000,0x00000000d5d00000,0x00000000d5d00000)
  from space 1024K, 71% used [0x00000000d5d00000,0x00000000d5db8000,0x00000000d5e00000)
  to   space 1024K, 0% used [0x00000000d5e00000,0x00000000d5e00000,0x00000000d5f00000)
 ParOldGen       total 815104K, used 814885K [0x0000000080000000, 0x00000000b1c00000, 0x00000000d5580000)
  object space 815104K, 99% used [0x0000000080000000,0x00000000b1bc96b0,0x00000000b1c00000)
 Metaspace       used 76468K, committed 78144K, reserved 1179648K
  class space    used 7954K, committed 8704K, reserved 1048576K
}
Event: 125.595 GC heap after
{Heap after GC invocations=1181 (full 3):
 PSYoungGen      total 8704K, used 1016K [0x00000000d5580000, 0x00000000d5f00000, 0x0000000100000000)
  eden space 7680K, 0% used [0x00000000d5580000,0x00000000d5580000,0x00000000d5d00000)
  from space 1024K, 99% used [0x00000000d5e00000,0x00000000d5efe008,0x00000000d5f00000)
  to   space 1024K, 0% used [0x00000000d5d00000,0x00000000d5d00000,0x00000000d5e00000)
 ParOldGen       total 815616K, used 815597K [0x0000000080000000, 0x00000000b1c80000, 0x00000000d5580000)
  object space 815616K, 99% used [0x0000000080000000,0x00000000b1c7b6b0,0x00000000b1c80000)
 Metaspace       used 76468K, committed 78144K, reserved 1179648K
  class space    used 7954K, committed 8704K, reserved 1048576K
}
Event: 125.620 GC heap before
{Heap before GC invocations=1182 (full 3):
 PSYoungGen      total 8704K, used 8696K [0x00000000d5580000, 0x00000000d5f00000, 0x0000000100000000)
  eden space 7680K, 100% used [0x00000000d5580000,0x00000000d5d00000,0x00000000d5d00000)
  from space 1024K, 99% used [0x00000000d5e00000,0x00000000d5efe008,0x00000000d5f00000)
  to   space 1024K, 0% used [0x00000000d5d00000,0x00000000d5d00000,0x00000000d5e00000)
 ParOldGen       total 815616K, used 815597K [0x0000000080000000, 0x00000000b1c80000, 0x00000000d5580000)
  object space 815616K, 99% used [0x0000000080000000,0x00000000b1c7b6b0,0x00000000b1c80000)
 Metaspace       used 76468K, committed 78144K, reserved 1179648K
  class space    used 7954K, committed 8704K, reserved 1048576K
}
Event: 125.624 GC heap after
{Heap after GC invocations=1182 (full 3):
 PSYoungGen      total 8704K, used 832K [0x00000000d5580000, 0x00000000d5f00000, 0x0000000100000000)
  eden space 7680K, 0% used [0x00000000d5580000,0x00000000d5580000,0x00000000d5d00000)
  from space 1024K, 81% used [0x00000000d5d00000,0x00000000d5dd0000,0x00000000d5e00000)
  to   space 1024K, 0% used [0x00000000d5e00000,0x00000000d5e00000,0x00000000d5f00000)
 ParOldGen       total 816640K, used 816557K [0x0000000080000000, 0x00000000b1d80000, 0x00000000d5580000)
  object space 816640K, 99% used [0x0000000080000000,0x00000000b1d6b6b8,0x00000000b1d80000)
 Metaspace       used 76468K, committed 78144K, reserved 1179648K
  class space    used 7954K, committed 8704K, reserved 1048576K
}

